<?xml version="1.0" encoding="UTF-8"?>
<!-- Generated by org.testng.reporters.JUnitReportReporter -->
<testsuite hostname="DESKTOP-S9H3JVF" failures="0" tests="1" name="SampleDemo" time="0.005" errors="0" timestamp="2022-08-01T18:25:47 IST" skipped="0">
  <testcase classname="SampleDemo" name="main" time="0.005"/>
  <system-out/>
</testsuite> <!-- SampleDemo -->
